app/build/intermediates/manifest_merge_blame_file/release/processReleaseMainManifest/manifest-merger-blame-release-report.txt
1<?xml version="1.0" encoding="utf-8"?>
2<manifest xmlns:android="http://schemas.android.com/apk/res/android"
3    package="com.smpybi.app"
4    android:versionCode="4"
5    android:versionName="1.4" >
6
7    <uses-sdk
8        android:minSdkVersion="23"
9        android:targetSdkVersion="35" />
10
11    <!-- Fitur perangkat -->
12    <uses-feature
12-->src/main/AndroidManifest.xml:7:5-85
13        android:name="android.hardware.camera"
13-->src/main/AndroidManifest.xml:7:19-57
14        android:required="false" />
14-->src/main/AndroidManifest.xml:7:58-82
15    <uses-feature
15-->src/main/AndroidManifest.xml:8:5-91
16        android:name="android.hardware.camera.front"
16-->src/main/AndroidManifest.xml:8:19-63
17        android:required="false" />
17-->src/main/AndroidManifest.xml:8:64-88
18
19    <!-- Izin dasar -->
20    <uses-permission android:name="android.permission.INTERNET" />
20-->src/main/AndroidManifest.xml:11:5-67
20-->src/main/AndroidManifest.xml:11:22-64
21    <uses-permission android:name="android.permission.CAMERA" />
21-->src/main/AndroidManifest.xml:12:5-65
21-->src/main/AndroidManifest.xml:12:22-62
22    <uses-permission android:name="android.permission.RECORD_AUDIO" />
22-->src/main/AndroidManifest.xml:13:5-71
22-->src/main/AndroidManifest.xml:13:22-68
23
24    <!-- Izin penyimpanan (aman untuk Android 10–14) -->
25    <uses-permission android:name="android.permission.READ_MEDIA_IMAGES" />
25-->src/main/AndroidManifest.xml:16:5-76
25-->src/main/AndroidManifest.xml:16:22-73
26    <uses-permission android:name="android.permission.READ_MEDIA_VIDEO" />
26-->src/main/AndroidManifest.xml:17:5-75
26-->src/main/AndroidManifest.xml:17:22-72
27    <uses-permission android:name="android.permission.READ_MEDIA_AUDIO" />
27-->src/main/AndroidManifest.xml:18:5-75
27-->src/main/AndroidManifest.xml:18:22-72
28    <uses-permission
28-->src/main/AndroidManifest.xml:19:5-107
29        android:name="android.permission.READ_EXTERNAL_STORAGE"
29-->src/main/AndroidManifest.xml:19:22-77
30        android:maxSdkVersion="32" />
30-->src/main/AndroidManifest.xml:19:78-104
31
32    <!-- Lainnya -->
33    <uses-permission android:name="android.permission.MANAGE_DEVICE_ADMINS" />
33-->src/main/AndroidManifest.xml:22:5-115
33-->src/main/AndroidManifest.xml:22:22-76
34    <uses-permission android:name="android.permission.EXPAND_STATUS_BAR" />
34-->src/main/AndroidManifest.xml:23:5-112
34-->src/main/AndroidManifest.xml:23:22-73
35    <uses-permission android:name="android.permission.SYSTEM_ALERT_WINDOW" />
35-->src/main/AndroidManifest.xml:24:5-77
35-->src/main/AndroidManifest.xml:24:22-75
36    <uses-permission android:name="android.permission.CAMERA" />
36-->src/main/AndroidManifest.xml:12:5-65
36-->src/main/AndroidManifest.xml:12:22-62
37    <uses-permission android:name="android.permission.RECORD_AUDIO" />
37-->src/main/AndroidManifest.xml:13:5-71
37-->src/main/AndroidManifest.xml:13:22-68
38
39    <permission
39-->[androidx.core:core:1.13.1] AndroidManifest.xml:22:5-24:47
40        android:name="com.smpybi.app.DYNAMIC_RECEIVER_NOT_EXPORTED_PERMISSION"
40-->[androidx.core:core:1.13.1] AndroidManifest.xml:23:9-81
41        android:protectionLevel="signature" />
41-->[androidx.core:core:1.13.1] AndroidManifest.xml:24:9-44
42
43    <uses-permission android:name="com.smpybi.app.DYNAMIC_RECEIVER_NOT_EXPORTED_PERMISSION" />
43-->[androidx.core:core:1.13.1] AndroidManifest.xml:26:5-97
43-->[androidx.core:core:1.13.1] AndroidManifest.xml:26:22-94
44
45    <application
45-->src/main/AndroidManifest.xml:28:5-66:19
46        android:allowBackup="true"
46-->src/main/AndroidManifest.xml:29:9-35
47        android:appComponentFactory="androidx.core.app.CoreComponentFactory"
47-->[androidx.core:core:1.13.1] AndroidManifest.xml:28:18-86
48        android:extractNativeLibs="false"
49        android:icon="@drawable/logo"
49-->src/main/AndroidManifest.xml:30:9-38
50        android:label="SMP YBI"
50-->src/main/AndroidManifest.xml:31:9-32
51        android:supportsRtl="true"
51-->src/main/AndroidManifest.xml:32:9-35
52        android:theme="@style/Theme.SMPYBI"
52-->src/main/AndroidManifest.xml:33:9-44
53        android:usesCleartextTraffic="true" >
53-->src/main/AndroidManifest.xml:34:9-44
54
55        <!-- Splash Screen -->
56        <activity
56-->src/main/AndroidManifest.xml:38:9-46:20
57            android:name="com.smpybi.app.SplashActivity"
57-->src/main/AndroidManifest.xml:39:13-57
58            android:exported="true"
58-->src/main/AndroidManifest.xml:40:13-36
59            android:theme="@style/Theme.SMPYBI.Splash" >
59-->src/main/AndroidManifest.xml:41:13-55
60            <intent-filter>
60-->src/main/AndroidManifest.xml:42:13-45:29
61                <action android:name="android.intent.action.MAIN" />
61-->src/main/AndroidManifest.xml:43:17-69
61-->src/main/AndroidManifest.xml:43:25-66
62
63                <category android:name="android.intent.category.LAUNCHER" />
63-->src/main/AndroidManifest.xml:44:17-77
63-->src/main/AndroidManifest.xml:44:27-74
64            </intent-filter>
65        </activity>
66
67        <!-- WebView utama -->
68        <activity
68-->src/main/AndroidManifest.xml:49:9-54:77
69            android:name="com.smpybi.app.MainActivity"
69-->src/main/AndroidManifest.xml:50:13-55
70            android:configChanges="orientation|keyboardHidden|screenSize"
70-->src/main/AndroidManifest.xml:54:13-74
71            android:exported="true"
71-->src/main/AndroidManifest.xml:51:13-36
72            android:launchMode="singleTask"
72-->src/main/AndroidManifest.xml:52:13-44
73            android:lockTaskMode="if_whitelisted" />
73-->src/main/AndroidManifest.xml:53:13-50
74
75        <!-- FileProvider untuk upload/download -->
76        <provider
77            android:name="androidx.core.content.FileProvider"
77-->src/main/AndroidManifest.xml:58:13-62
78            android:authorities="com.smpybi.app.provider"
78-->src/main/AndroidManifest.xml:59:13-60
79            android:exported="false"
79-->src/main/AndroidManifest.xml:60:13-37
80            android:grantUriPermissions="true" >
80-->src/main/AndroidManifest.xml:61:13-47
81            <meta-data
81-->src/main/AndroidManifest.xml:62:13-64:54
82                android:name="android.support.FILE_PROVIDER_PATHS"
82-->src/main/AndroidManifest.xml:63:17-67
83                android:resource="@xml/file_paths" />
83-->src/main/AndroidManifest.xml:64:17-51
84        </provider>
85        <provider
85-->[androidx.emoji2:emoji2:1.3.0] AndroidManifest.xml:24:9-32:20
86            android:name="androidx.startup.InitializationProvider"
86-->[androidx.emoji2:emoji2:1.3.0] AndroidManifest.xml:25:13-67
87            android:authorities="com.smpybi.app.androidx-startup"
87-->[androidx.emoji2:emoji2:1.3.0] AndroidManifest.xml:26:13-68
88            android:exported="false" >
88-->[androidx.emoji2:emoji2:1.3.0] AndroidManifest.xml:27:13-37
89            <meta-data
89-->[androidx.emoji2:emoji2:1.3.0] AndroidManifest.xml:29:13-31:52
90                android:name="androidx.emoji2.text.EmojiCompatInitializer"
90-->[androidx.emoji2:emoji2:1.3.0] AndroidManifest.xml:30:17-75
91                android:value="androidx.startup" />
91-->[androidx.emoji2:emoji2:1.3.0] AndroidManifest.xml:31:17-49
92            <meta-data
92-->[androidx.lifecycle:lifecycle-process:2.6.2] AndroidManifest.xml:29:13-31:52
93                android:name="androidx.lifecycle.ProcessLifecycleInitializer"
93-->[androidx.lifecycle:lifecycle-process:2.6.2] AndroidManifest.xml:30:17-78
94                android:value="androidx.startup" />
94-->[androidx.lifecycle:lifecycle-process:2.6.2] AndroidManifest.xml:31:17-49
95            <meta-data
95-->[androidx.profileinstaller:profileinstaller:1.3.1] AndroidManifest.xml:29:13-31:52
96                android:name="androidx.profileinstaller.ProfileInstallerInitializer"
96-->[androidx.profileinstaller:profileinstaller:1.3.1] AndroidManifest.xml:30:17-85
97                android:value="androidx.startup" />
97-->[androidx.profileinstaller:profileinstaller:1.3.1] AndroidManifest.xml:31:17-49
98        </provider>
99
100        <receiver
100-->[androidx.profileinstaller:profileinstaller:1.3.1] AndroidManifest.xml:34:9-52:20
101            android:name="androidx.profileinstaller.ProfileInstallReceiver"
101-->[androidx.profileinstaller:profileinstaller:1.3.1] AndroidManifest.xml:35:13-76
102            android:directBootAware="false"
102-->[androidx.profileinstaller:profileinstaller:1.3.1] AndroidManifest.xml:36:13-44
103            android:enabled="true"
103-->[androidx.profileinstaller:profileinstaller:1.3.1] AndroidManifest.xml:37:13-35
104            android:exported="true"
104-->[androidx.profileinstaller:profileinstaller:1.3.1] AndroidManifest.xml:38:13-36
105            android:permission="android.permission.DUMP" >
105-->[androidx.profileinstaller:profileinstaller:1.3.1] AndroidManifest.xml:39:13-57
106            <intent-filter>
106-->[androidx.profileinstaller:profileinstaller:1.3.1] AndroidManifest.xml:40:13-42:29
107                <action android:name="androidx.profileinstaller.action.INSTALL_PROFILE" />
107-->[androidx.profileinstaller:profileinstaller:1.3.1] AndroidManifest.xml:41:17-91
107-->[androidx.profileinstaller:profileinstaller:1.3.1] AndroidManifest.xml:41:25-88
108            </intent-filter>
109            <intent-filter>
109-->[androidx.profileinstaller:profileinstaller:1.3.1] AndroidManifest.xml:43:13-45:29
110                <action android:name="androidx.profileinstaller.action.SKIP_FILE" />
110-->[androidx.profileinstaller:profileinstaller:1.3.1] AndroidManifest.xml:44:17-85
110-->[androidx.profileinstaller:profileinstaller:1.3.1] AndroidManifest.xml:44:25-82
111            </intent-filter>
112            <intent-filter>
112-->[androidx.profileinstaller:profileinstaller:1.3.1] AndroidManifest.xml:46:13-48:29
113                <action android:name="androidx.profileinstaller.action.SAVE_PROFILE" />
113-->[androidx.profileinstaller:profileinstaller:1.3.1] AndroidManifest.xml:47:17-88
113-->[androidx.profileinstaller:profileinstaller:1.3.1] AndroidManifest.xml:47:25-85
114            </intent-filter>
115            <intent-filter>
115-->[androidx.profileinstaller:profileinstaller:1.3.1] AndroidManifest.xml:49:13-51:29
116                <action android:name="androidx.profileinstaller.action.BENCHMARK_OPERATION" />
116-->[androidx.profileinstaller:profileinstaller:1.3.1] AndroidManifest.xml:50:17-95
116-->[androidx.profileinstaller:profileinstaller:1.3.1] AndroidManifest.xml:50:25-92
117            </intent-filter>
118        </receiver>
119    </application>
120
121</manifest>